Got :4 (PARAGRAPH_TEXT) 'Several entities: '
Got :15 (TAG_ATTRIBUTE_NAMED_ENTITY) '&lt;'
Got :4 (PARAGRAPH_TEXT) ' '
Got :15 (TAG_ATTRIBUTE_NAMED_ENTITY) '&gt;'
Got :4 (PARAGRAPH_TEXT) ' '
Got :15 (TAG_ATTRIBUTE_NAMED_ENTITY) '&apos;'
Got :4 (PARAGRAPH_TEXT) ' '
Got :15 (TAG_ATTRIBUTE_NAMED_ENTITY) '&quot;'
Got :4 (PARAGRAPH_TEXT) ' '
Got :15 (TAG_ATTRIBUTE_NAMED_ENTITY) '&amp;'
Got :4 (PARAGRAPH_TEXT) ' '
Got :17 (TAG_ATTRIBUTE_HEX_NUMERIC_ENTITY) '&#x40;'
Got :4 (PARAGRAPH_TEXT) ' '
Got :16 (TAG_ATTRIBUTE_NUMERIC_ENTITY) '&#65;'
Got :4 (PARAGRAPH_TEXT) ' and some'
Got :4 (PARAGRAPH_TEXT) '\n'
Got :4 (PARAGRAPH_TEXT) 'characters in plain text: '
Got :4 (PARAGRAPH_TEXT) '<'
Got :4 (PARAGRAPH_TEXT) ' > '
Got :4 (PARAGRAPH_TEXT) '&'
Got :4 (PARAGRAPH_TEXT) ' " '.'
Got :4 (PARAGRAPH_TEXT) '\n'
Got :0 () ''
