Got :4 (PARAGRAPH_TEXT) 'A '
Got :9 (TAG_OPEN) '<a'
Got :11 (TAG_ATTRIBUTE) 'href'
Got :12 (TAG_ATTRIBUTE_VALUE) 'simple'
Got :13 (TAG_ATTRIBUTE_VALUE_CLOSED) '"'
Got :18 (TAG_ATTRIBUTE_CLOSE) '>'
Got :4 (PARAGRAPH_TEXT) 'simple attribute'
Got :10 (TAG_CLOSE) '</a>'
Got :4 (PARAGRAPH_TEXT) ', and a '
Got :9 (TAG_OPEN) '<a'
Got :11 (TAG_ATTRIBUTE) 'href'
Got :12 (TAG_ATTRIBUTE_VALUE) 'more\n'
Got :15 (TAG_ATTRIBUTE_NAMED_ENTITY) '&quot;'
Got :12 (TAG_ATTRIBUTE_VALUE) 'complex'
Got :15 (TAG_ATTRIBUTE_NAMED_ENTITY) '&apos;'
Got :13 (TAG_ATTRIBUTE_VALUE_CLOSED) '"'
Got :18 (TAG_ATTRIBUTE_CLOSE) '>'
Got :4 (PARAGRAPH_TEXT) 'attribute'
Got :10 (TAG_CLOSE) '</a>'
Got :4 (PARAGRAPH_TEXT) ' and a '
Got :9 (TAG_OPEN) '<a'
Got :11 (TAG_ATTRIBUTE) 'href'
Got :12 (TAG_ATTRIBUTE_VALUE) 'single\nquoted'
Got :13 (TAG_ATTRIBUTE_VALUE_CLOSED) '''
Got :18 (TAG_ATTRIBUTE_CLOSE) '>'
Got :4 (PARAGRAPH_TEXT) 'attribute'
Got :10 (TAG_CLOSE) '</a>'
Got :4 (PARAGRAPH_TEXT) ', and.'
Got :1 (NEW_PARAGRAPH) '\n\n'
Got :4 (PARAGRAPH_TEXT) 'Several entities: '
Got :15 (TAG_ATTRIBUTE_NAMED_ENTITY) '&lt;'
Got :4 (PARAGRAPH_TEXT) ' '
Got :15 (TAG_ATTRIBUTE_NAMED_ENTITY) '&gt;'
Got :4 (PARAGRAPH_TEXT) ' '
Got :15 (TAG_ATTRIBUTE_NAMED_ENTITY) '&apos;'
Got :4 (PARAGRAPH_TEXT) ' '
Got :15 (TAG_ATTRIBUTE_NAMED_ENTITY) '&quot;'
Got :4 (PARAGRAPH_TEXT) ' '
Got :15 (TAG_ATTRIBUTE_NAMED_ENTITY) '&amp;'
Got :4 (PARAGRAPH_TEXT) ' '
Got :17 (TAG_ATTRIBUTE_HEX_NUMERIC_ENTITY) '&#x40;'
Got :4 (PARAGRAPH_TEXT) ' '
Got :16 (TAG_ATTRIBUTE_NUMERIC_ENTITY) '&#65;'
Got :4 (PARAGRAPH_TEXT) ' and some'
Got :4 (PARAGRAPH_TEXT) '\n'
Got :4 (PARAGRAPH_TEXT) 'characters in plain text: '
Got :4 (PARAGRAPH_TEXT) '<'
Got :4 (PARAGRAPH_TEXT) ' > '
Got :4 (PARAGRAPH_TEXT) '&'
Got :4 (PARAGRAPH_TEXT) ' " '.'
Got :1 (NEW_PARAGRAPH) '\n\n'
Got :4 (PARAGRAPH_TEXT) '   And this is an indented block-quoted second paragraph'
Got :1 (NEW_PARAGRAPH) '\n\n\n'
*Got :4 (PARAGRAPH_TEXT) ' Some list elements'
Got :4 (PARAGRAPH_TEXT) '\n'
*Got :4 (PARAGRAPH_TEXT) ' Another one'
Got :4 (PARAGRAPH_TEXT) '\n'
*Got :4 (PARAGRAPH_TEXT) ' Still another one'
Got :1 (NEW_PARAGRAPH) '\n\n'
Got :2 (ORDERED_LIST_ITEM) '1. Numeric list'
Got :4 (PARAGRAPH_TEXT) '\n'
Got :2 (ORDERED_LIST_ITEM) 'A. Alpha list'
Got :1 (NEW_PARAGRAPH) '\n\n'
Got :0 () ''
